2018-10-19 18:23:12 INFO  Application:23 - Project is started
2018-10-19 18:23:24 INFO  Controller:25 - User made an input in Controller:dataInput()
2018-10-19 18:23:27 INFO  Controller:25 - User made an input in Controller:dataInput()
2018-10-19 18:23:31 INFO  Controller:25 - User made an input in Controller:dataInput()
2018-10-19 18:23:33 INFO  Controller:25 - User made an input in Controller:dataInput()
2018-10-19 18:23:37 INFO  Controller:25 - User made an input in Controller:dataInput()
2018-10-19 18:23:39 INFO  Controller:25 - User made an input in Controller:dataInput()
2018-10-19 18:23:40 INFO  Controller:25 - User made an input in Controller:dataInput()
2018-10-19 18:23:54 INFO  Controller:25 - User made an input in Controller:dataInput()
2018-10-19 18:23:58 ERROR Controller:28 - User made wrong input in Controller:dataInput()
2018-10-22 11:54:19 INFO  Application:23 - Project is started
2018-10-22 11:54:51 INFO  Controller:25 - User made an input in Controller:dataInput()
2018-10-22 11:55:10 ERROR Controller:28 - User made wrong input in Controller:dataInput()
2018-10-22 11:55:10 ERROR Controller:258 - wrong insert in the main menu
2018-10-22 11:55:22 INFO  Controller:25 - User made an input in Controller:dataInput()
2018-10-22 11:55:22 INFO  Controller:196 - User have chosen the first sort
2018-10-22 16:18:27 INFO  Application:30 - Project is started
2018-10-22 16:47:28 INFO  Application:23 - Project is started
2018-10-22 16:50:35 INFO  Application:24 - Project is started
2018-10-22 16:51:18 INFO  Application:24 - Project is started
2018-10-22 16:53:22 INFO  Application:24 - Project is started
2018-10-22 17:03:00 INFO  Application:24 - Project is started
2018-10-22 17:09:04 INFO  Application:24 - Project is started
2018-10-22 17:09:37 INFO  Application:24 - Project is started
2018-10-22 17:09:56 INFO  Controller:25 - User made an input in Controller:dataInput()
2018-10-22 17:09:56 INFO  Controller:196 - User have chosen the first sort
2018-10-22 17:11:04 INFO  Controller:25 - User made an input in Controller:dataInput()
2018-10-22 17:11:04 INFO  Controller:250 - User have chosen the manual data insert
2018-10-22 17:11:21 INFO  Controller:25 - User made an input in Controller:dataInput()
2018-10-22 17:11:21 INFO  Controller:46 - User have chosen Type.CAR
2018-10-22 17:11:28 INFO  Controller:25 - User made an input in Controller:dataInput()
2018-10-22 17:11:28 INFO  Controller:60 - User inserted the cost
2018-10-22 17:11:33 INFO  Controller:25 - User made an input in Controller:dataInput()
2018-10-22 17:11:33 INFO  Controller:73 - User inserted the speed
2018-10-22 17:11:44 INFO  Controller:25 - User made an input in Controller:dataInput()
2018-10-22 17:11:44 INFO  Controller:87 - User inserted the issueYear
2018-10-22 17:11:48 INFO  Controller:25 - User made an input in Controller:dataInput()
2018-10-22 17:11:48 INFO  Controller:100 - User inserted the X-coordinate
2018-10-22 17:11:52 INFO  Controller:25 - User made an input in Controller:dataInput()
2018-10-22 17:11:52 INFO  Controller:113 - User inserted the X-coordinate
2018-10-22 17:12:00 INFO  Controller:168 - User inserted the port
2018-10-22 17:15:14 ERROR Controller:28 - User made wrong input in Controller:dataInput()
2018-10-22 17:15:14 ERROR Controller:176 - User made mistake in inserting the port
2018-10-22 17:15:14 INFO  Controller:168 - User inserted the port
2018-10-23 15:36:04 INFO  Application:24 - Project is started
2018-10-23 15:36:17 INFO  Controller:57 - User made an input in Controller:dataInput()
2018-10-23 15:37:04 INFO  Application:24 - Project is started
2018-10-23 15:37:13 ERROR Controller:60 - User made wrong input in Controller:dataInput()
2018-10-23 15:37:13 ERROR Controller:45 - User made mistake in choosing the language
2018-10-23 15:38:15 INFO  Application:24 - Project is started
2018-10-23 15:38:20 INFO  Controller:58 - User made an input in Controller:dataInput()
2018-10-23 15:43:46 INFO  Application:24 - Project is started
2018-10-23 15:43:50 INFO  Controller:58 - User made an input in Controller:dataInput()
2018-10-23 15:45:47 INFO  Application:24 - Project is started
2018-10-23 15:45:50 INFO  Controller:64 - User made an input in Controller:dataInput()
2018-10-23 15:46:02 INFO  Application:24 - Project is started
2018-10-23 15:46:05 INFO  Controller:64 - User made an input in Controller:dataInput()
2018-10-23 15:47:05 INFO  Application:24 - Project is started
2018-10-23 15:47:07 INFO  Controller:64 - User made an input in Controller:dataInput()
2018-10-23 18:39:51 INFO  Application:24 - Project is started
2018-10-23 18:39:55 INFO  Controller:65 - User made an input in Controller:dataInput()
2018-10-23 18:44:06 INFO  Application:24 - Project is started
2018-10-23 18:44:08 INFO  Controller:65 - User made an input in Controller:dataInput()
2018-10-23 18:44:14 INFO  Controller:65 - User made an input in Controller:dataInput()
2018-10-23 18:44:14 INFO  Controller:302 - User have chosen the first sort
2018-10-23 18:48:29 INFO  Controller:65 - User made an input in Controller:dataInput()
2018-10-23 18:48:29 INFO  Controller:312 - User have chosen the second sort
2018-10-23 18:50:17 INFO  Application:24 - Project is started
2018-10-23 18:50:20 INFO  Controller:65 - User made an input in Controller:dataInput()
2018-10-23 18:50:22 INFO  Controller:65 - User made an input in Controller:dataInput()
2018-10-23 18:50:22 INFO  Controller:302 - User have chosen the first sort
2018-10-24 15:29:52 INFO  Application:24 - Project is started
2018-10-24 15:29:58 INFO  Controller:65 - User made an input in Controller:dataInput()
2018-10-24 15:32:37 INFO  Application:24 - Project is started
2018-10-24 15:32:43 INFO  Controller:65 - User made an input in Controller:dataInput()
2018-10-24 15:33:52 INFO  Application:24 - Project is started
2018-10-24 15:46:42 INFO  Application:24 - Project is started
2018-10-24 16:14:34 INFO  Controller:65 - User made an input in Controller:dataInput()
2018-10-24 16:14:38 INFO  Controller:65 - User made an input in Controller:dataInput()
2018-10-24 16:14:38 INFO  Controller:316 - User have chosen the second sort
2018-10-24 16:21:11 INFO  Application:24 - Project is started
2018-10-24 16:21:15 INFO  Controller:65 - User made an input in Controller:dataInput()
2018-10-24 16:21:18 INFO  Controller:65 - User made an input in Controller:dataInput()
2018-10-24 16:21:18 INFO  Controller:332 - User have chosen the third sort
2018-10-24 16:23:09 INFO  Application:24 - Project is started
2018-10-24 16:23:13 INFO  Controller:65 - User made an input in Controller:dataInput()
2018-10-24 16:23:16 INFO  Controller:65 - User made an input in Controller:dataInput()
2018-10-24 16:23:16 INFO  Controller:332 - User have chosen the third sort
2018-10-24 16:24:26 INFO  Application:24 - Project is started
2018-10-24 16:24:29 INFO  Controller:65 - User made an input in Controller:dataInput()
2018-10-24 16:24:34 INFO  Controller:65 - User made an input in Controller:dataInput()
2018-10-24 16:24:34 INFO  Controller:348 - User have chosen the interface-based sort
2018-10-24 16:31:44 INFO  Application:24 - Project is started
2018-10-24 16:31:48 INFO  Controller:65 - User made an input in Controller:dataInput()
2018-10-24 16:31:50 INFO  Controller:65 - User made an input in Controller:dataInput()
2018-10-24 16:31:50 INFO  Controller:348 - User have chosen the interface-based sort
2018-10-24 16:33:34 INFO  Application:24 - Project is started
2018-10-24 16:33:43 INFO  Controller:65 - User made an input in Controller:dataInput()
2018-10-24 16:33:44 INFO  Controller:65 - User made an input in Controller:dataInput()
2018-10-24 16:33:44 INFO  Controller:348 - User have chosen the interface-based sort
2018-10-24 16:43:25 INFO  Application:24 - Project is started
2018-10-24 16:43:30 INFO  Controller:65 - User made an input in Controller:dataInput()
2018-10-24 16:43:33 INFO  Controller:65 - User made an input in Controller:dataInput()
2018-10-24 16:43:33 INFO  Controller:397 - User have chosen the manual data insert
2018-10-24 16:44:47 INFO  Application:24 - Project is started
2018-10-24 16:44:51 INFO  Controller:65 - User made an input in Controller:dataInput()
2018-10-24 16:44:53 INFO  Controller:65 - User made an input in Controller:dataInput()
2018-10-24 16:44:53 INFO  Controller:397 - User have chosen the manual data insert
2018-10-24 16:46:26 INFO  Application:24 - Project is started
2018-10-24 16:46:30 INFO  Controller:65 - User made an input in Controller:dataInput()
2018-10-24 16:46:32 INFO  Controller:65 - User made an input in Controller:dataInput()
2018-10-24 16:46:32 INFO  Controller:399 - User have chosen the manual data insert
2018-10-24 16:46:36 INFO  Controller:65 - User made an input in Controller:dataInput()
2018-10-24 16:46:36 INFO  Controller:97 - User have chosen Type.SHIP
2018-10-24 16:46:43 INFO  Controller:65 - User made an input in Controller:dataInput()
2018-10-24 16:46:43 INFO  Controller:116 - User inserted the cost
2018-10-24 16:46:47 INFO  Controller:65 - User made an input in Controller:dataInput()
2018-10-24 16:46:47 INFO  Controller:133 - User inserted the speed
2018-10-24 16:47:35 INFO  Controller:65 - User made an input in Controller:dataInput()
2018-10-24 16:47:35 INFO  Controller:152 - User inserted the issueYear
2018-10-24 16:47:37 INFO  Controller:65 - User made an input in Controller:dataInput()
2018-10-24 16:47:37 INFO  Controller:169 - User inserted the X-coordinate
2018-10-24 16:47:37 INFO  Controller:65 - User made an input in Controller:dataInput()
2018-10-24 16:47:37 INFO  Controller:185 - User inserted the X-coordinate
2018-10-24 16:47:41 INFO  Controller:259 - User inserted the height
2018-10-24 16:47:43 INFO  Controller:65 - User made an input in Controller:dataInput()
2018-10-24 16:47:43 INFO  Controller:268 - User inserted the passengers count
2018-10-24 17:10:37 INFO  Application:24 - Project is started
2018-10-24 17:10:41 INFO  Controller:65 - User made an input in Controller:dataInput()
2018-10-24 17:10:45 INFO  Controller:65 - User made an input in Controller:dataInput()
2018-10-24 17:10:45 INFO  Controller:301 - User have chosen the first sort
